<?xml version="1.0" encoding="UTF-8"?>
<!-- Generated by org.testng.reporters.JUnitReportReporter -->
<testsuite hostname="DESKTOP-QNHJ5Q7" failures="0" tests="3" name="FristTestCaseJunit.TestNGOrderExecution" time="0.015" errors="0" timestamp="2022-06-29T23:35:50 PDT" skipped="0">
  <testcase classname="FristTestCaseJunit.TestNGOrderExecution" name="validate" time="0.002"/>
  <system-out/>
  <testcase classname="FristTestCaseJunit.TestNGOrderExecution" name="display" time="0.007"/>
  <system-out/>
  <testcase classname="FristTestCaseJunit.TestNGOrderExecution" name="verify" time="0.006"/>
  <system-out/>
</testsuite> <!-- FristTestCaseJunit.TestNGOrderExecution -->
